Flow report for semaforo_contador
Tue Apr 07 20:26:50 2020
Quartus Prime Version 19.1.0 Build 670 09/22/2019 SJ Lite Edition


---------------------
; Table of Contents ;
---------------------
  1. Legal Notice
  2. Flow Summary
  3. Flow Settings
  4. Flow Non-Default Global Settings
  5. Flow Elapsed Time
  6. Flow OS Summary
  7. Flow Log
  8. Flow Messages
  9. Flow Suppressed Messages



----------------
; Legal Notice ;
----------------
Copyright (C) 2019  Intel Corporation. All rights reserved.
Your use of Intel Corporation's design tools, logic functions 
and other software and tools, and any partner logic 
functions, and any output files from any of the foregoing 
(including device programming or simulation files), and any 
associated documentation or information are expressly subject 
to the terms and conditions of the Intel Program License 
Subscription Agreement, the Intel Quartus Prime License Agreement,
the Intel FPGA IP License Agreement, or other applicable license
agreement, including, without limitation, that your use is for
the sole purpose of programming logic devices manufactured by
Intel and sold by Intel or its authorized distributors.  Please
refer to the applicable agreement for further details, at
https://fpgasoftware.intel.com/eula.



+----------------------------------------------------------------------------------+
; Flow Summary                                                                     ;
+------------------------------------+---------------------------------------------+
; Flow Status                        ; Successful - Tue Apr 07 20:26:50 2020       ;
; Quartus Prime Version              ; 19.1.0 Build 670 09/22/2019 SJ Lite Edition ;
; Revision Name                      ; semaforo_contador                           ;
; Top-level Entity Name              ; semaforo_contador                           ;
; Family                             ; Cyclone IV E                                ;
; Device                             ; EP4CE115F29C7                               ;
; Timing Models                      ; Final                                       ;
; Total logic elements               ; 7 / 114,480 ( < 1 % )                       ;
;     Total combinational functions  ; 6 / 114,480 ( < 1 % )                       ;
;     Dedicated logic registers      ; 2 / 114,480 ( < 1 % )                       ;
; Total registers                    ; 2                                           ;
; Total pins                         ; 7 / 529 ( 1 % )                             ;
; Total virtual pins                 ; 0                                           ;
; Total memory bits                  ; 0 / 3,981,312 ( 0 % )                       ;
; Embedded Multiplier 9-bit elements ; 0 / 532 ( 0 % )                             ;
; Total PLLs                         ; 0 / 4 ( 0 % )                               ;
+------------------------------------+---------------------------------------------+


+-----------------------------------------+
; Flow Settings                           ;
+-------------------+---------------------+
; Option            ; Setting             ;
+-------------------+---------------------+
; Start date & time ; 04/07/2020 20:06:41 ;
; Main task         ; Compilation         ;
; Revision Name     ; semaforo_contador   ;
+-------------------+---------------------+


+------------------------------------------------------------------------------------------------------------------------------------------------+
; Flow Non-Default Global Settings                                                                                                               ;
+-------------------------------------+----------------------------------------+---------------+-------------+-----------------------------------+
; Assignment Name                     ; Value                                  ; Default Value ; Entity Name ; Section Id                        ;
+-------------------------------------+----------------------------------------+---------------+-------------+-----------------------------------+
; COMPILER_SIGNATURE_ID               ; 1096930458568.158630080041724          ; --            ; --          ; --                                ;
; EDA_GENERATE_FUNCTIONAL_NETLIST     ; Off                                    ; --            ; --          ; eda_board_design_timing           ;
; EDA_GENERATE_FUNCTIONAL_NETLIST     ; Off                                    ; --            ; --          ; eda_board_design_boundary_scan    ;
; EDA_GENERATE_FUNCTIONAL_NETLIST     ; Off                                    ; --            ; --          ; eda_board_design_signal_integrity ;
; EDA_GENERATE_FUNCTIONAL_NETLIST     ; Off                                    ; --            ; --          ; eda_board_design_symbol           ;
; EDA_OUTPUT_DATA_FORMAT              ; Vhdl                                   ; --            ; --          ; eda_simulation                    ;
; EDA_SIMULATION_TOOL                 ; ModelSim-Altera (VHDL)                 ; <None>        ; --          ; --                                ;
; EDA_TIME_SCALE                      ; 1 ps                                   ; --            ; --          ; eda_simulation                    ;
; MAX_CORE_JUNCTION_TEMP              ; 85                                     ; --            ; --          ; --                                ;
; MIN_CORE_JUNCTION_TEMP              ; 0                                      ; --            ; --          ; --                                ;
; NOMINAL_CORE_SUPPLY_VOLTAGE         ; 1.2V                                   ; --            ; --          ; --                                ;
; PARTITION_COLOR                     ; -- (Not supported for targeted family) ; --            ; --          ; Top                               ;
; PARTITION_FITTER_PRESERVATION_LEVEL ; -- (Not supported for targeted family) ; --            ; --          ; Top                               ;
; PARTITION_NETLIST_TYPE              ; -- (Not supported for targeted family) ; --            ; --          ; Top                               ;
; PROJECT_OUTPUT_DIRECTORY            ; output_files                           ; --            ; --          ; --                                ;
+-------------------------------------+----------------------------------------+---------------+-------------+-----------------------------------+


+--------------------------------------------------------------------------------------------------------------------------+
; Flow Elapsed Time                                                                                                        ;
+----------------------+--------------+-------------------------+---------------------+------------------------------------+
; Module Name          ; Elapsed Time ; Average Processors Used ; Peak Virtual Memory ; Total CPU Time (on all processors) ;
+----------------------+--------------+-------------------------+---------------------+------------------------------------+
; Analysis & Synthesis ; 00:00:15     ; 1.0                     ; 4785 MB             ; 00:00:39                           ;
; Fitter               ; 00:00:18     ; 1.0                     ; 5698 MB             ; 00:00:30                           ;
; Assembler            ; 00:00:05     ; 1.0                     ; 4696 MB             ; 00:00:05                           ;
; Timing Analyzer      ; 00:00:03     ; 1.0                     ; 4850 MB             ; 00:00:03                           ;
; EDA Netlist Writer   ; 00:00:01     ; 1.0                     ; 4653 MB             ; 00:00:01                           ;
; EDA Netlist Writer   ; 00:00:01     ; 1.0                     ; 4643 MB             ; 00:00:01                           ;
; EDA Netlist Writer   ; 00:00:01     ; 1.0                     ; 4652 MB             ; 00:00:01                           ;
; EDA Netlist Writer   ; 00:00:00     ; 1.0                     ; 4643 MB             ; 00:00:01                           ;
; EDA Netlist Writer   ; 00:00:01     ; 1.0                     ; 4652 MB             ; 00:00:01                           ;
; Total                ; 00:00:45     ; --                      ; --                  ; 00:01:22                           ;
+----------------------+--------------+-------------------------+---------------------+------------------------------------+


+------------------------------------------------------------------------------------+
; Flow OS Summary                                                                    ;
+----------------------+------------------+------------+------------+----------------+
; Module Name          ; Machine Hostname ; OS Name    ; OS Version ; Processor type ;
+----------------------+------------------+------------+------------+----------------+
; Analysis & Synthesis ; IATECBR-NB150    ; Windows 10 ; 10.0       ; x86_64         ;
; Fitter               ; IATECBR-NB150    ; Windows 10 ; 10.0       ; x86_64         ;
; Assembler            ; IATECBR-NB150    ; Windows 10 ; 10.0       ; x86_64         ;
; Timing Analyzer      ; IATECBR-NB150    ; Windows 10 ; 10.0       ; x86_64         ;
; EDA Netlist Writer   ; IATECBR-NB150    ; Windows 10 ; 10.0       ; x86_64         ;
; EDA Netlist Writer   ; IATECBR-NB150    ; Windows 10 ; 10.0       ; x86_64         ;
; EDA Netlist Writer   ; IATECBR-NB150    ; Windows 10 ; 10.0       ; x86_64         ;
; EDA Netlist Writer   ; IATECBR-NB150    ; Windows 10 ; 10.0       ; x86_64         ;
; EDA Netlist Writer   ; IATECBR-NB150    ; Windows 10 ; 10.0       ; x86_64         ;
+----------------------+------------------+------------+------------+----------------+


------------
; Flow Log ;
------------
quartus_map --read_settings_files=on --write_settings_files=off semaforo_contador -c semaforo_contador
quartus_fit --read_settings_files=off --write_settings_files=off semaforo_contador -c semaforo_contador
quartus_asm --read_settings_files=off --write_settings_files=off semaforo_contador -c semaforo_contador
quartus_sta semaforo_contador -c semaforo_contador
quartus_eda --read_settings_files=off --write_settings_files=off semaforo_contador -c semaforo_contador
quartus_eda --gen_testbench --tool=modelsim_oem --format=verilog --write_settings_files=off semaforo_contador -c semaforo_contador --vector_source="C:/Users/emerson.monteiro/OneDrive/Faculdade/3º Semestre/sistemas digitais/semaforo_contador/Waveform.vwf" --testbench_file="C:/Users/emerson.monteiro/OneDrive/Faculdade/3º Semestre/sistemas digitais/semaforo_contador/simulation/qsim/Waveform.vwf.vt"
quartus_eda --write_settings_files=off --simulation=on --functional=on --flatten_buses=off --tool=modelsim_oem --format=verilog --output_directory="C:/Users/emerson.monteiro/OneDrive/Faculdade/3º Semestre/sistemas digitais/semaforo_contador/simulation/qsim/" semaforo_contador -c semaforo_contador
quartus_eda --gen_testbench --tool=modelsim_oem --format=verilog --write_settings_files=off semaforo_contador -c semaforo_contador --vector_source="C:/Users/emerson.monteiro/OneDrive/Faculdade/3º Semestre/sistemas digitais/semaforo_contador/Waveform.vwf" --testbench_file="C:/Users/emerson.monteiro/OneDrive/Faculdade/3º Semestre/sistemas digitais/semaforo_contador/simulation/qsim/Waveform.vwf.vt"
quartus_eda --write_settings_files=off --simulation=on --functional=on --flatten_buses=off --tool=modelsim_oem --format=verilog --output_directory="C:/Users/emerson.monteiro/OneDrive/Faculdade/3º Semestre/sistemas digitais/semaforo_contador/simulation/qsim/" semaforo_contador -c semaforo_contador



